TN:
SF:C:\projects\iReporter\app.js
FN:22,(anonymous_0)
FN:31,(anonymous_1)
FN:37,(anonymous_2)
FN:47,(anonymous_3)
FNF:4
FNH:1
FNDA:0,(anonymous_0)
FNDA:0,(anonymous_1)
FNDA:0,(anonymous_2)
FNDA:1,(anonymous_3)
DA:7,1
DA:9,1
DA:12,1
DA:15,1
DA:18,1
DA:19,1
DA:22,1
DA:23,0
DA:24,0
DA:29,1
DA:31,1
DA:32,0
DA:33,0
DA:34,0
DA:37,1
DA:38,0
DA:39,0
DA:47,1
DA:48,1
LF:19
LH:12
BRDA:9,0,0,1
BRDA:9,0,1,1
BRDA:38,1,0,0
BRDA:38,1,1,0
BRF:4
BRH:2
end_of_record
TN:
SF:C:\projects\iReporter\start.js
FNF:0
FNH:0
DA:2,1
DA:7,1
LF:2
LH:2
BRF:0
BRH:0
end_of_record
TN:
SF:C:\projects\iReporter\src\controllers\record.js
FN:4,(anonymous_0)
FN:31,(anonymous_1)
FN:37,(anonymous_2)
FN:48,(anonymous_3)
FN:73,(anonymous_4)
FN:97,(anonymous_5)
FN:122,(anonymous_6)
FNF:7
FNH:7
FNDA:1,(anonymous_0)
FNDA:1,(anonymous_1)
FNDA:1,(anonymous_2)
FNDA:1,(anonymous_3)
FNDA:1,(anonymous_4)
FNDA:1,(anonymous_5)
FNDA:1,(anonymous_6)
DA:4,1
DA:5,1
DA:9,1
DA:10,1
DA:25,0
DA:31,1
DA:32,1
DA:37,1
DA:38,1
DA:39,1
DA:40,5
DA:41,0
DA:48,1
DA:49,1
DA:50,1
DA:53,1
DA:54,5
DA:55,0
DA:56,0
DA:73,1
DA:74,1
DA:75,1
DA:78,1
DA:79,5
DA:80,0
DA:81,0
DA:97,1
DA:98,1
DA:99,1
DA:102,1
DA:103,5
DA:104,0
DA:105,0
DA:122,1
DA:123,1
DA:124,1
DA:125,5
DA:126,0
DA:137,1
LF:39
LH:30
BRDA:9,0,0,1
BRDA:9,0,1,0
BRDA:40,1,0,0
BRDA:40,1,1,5
BRDA:54,2,0,0
BRDA:54,2,1,5
BRDA:55,3,0,0
BRDA:55,3,1,0
BRDA:79,4,0,0
BRDA:79,4,1,5
BRDA:80,5,0,0
BRDA:80,5,1,0
BRDA:103,6,0,0
BRDA:103,6,1,5
BRDA:104,7,0,0
BRDA:104,7,1,0
BRDA:125,8,0,0
BRDA:125,8,1,5
BRF:18
BRH:6
end_of_record
TN:
SF:C:\projects\iReporter\src\routes\record.js
FNF:0
FNH:0
DA:6,1
DA:8,1
DA:9,1
DA:10,1
DA:11,1
DA:12,1
DA:13,1
DA:14,1
LF:8
LH:8
BRF:0
BRH:0
end_of_record
